Build started 4/12/2026 12:56:23 PM.
Logging verbosity is set to: Detailed.Process = "C:\Program Files\Microsoft Visual Studio\2022\Community\MSBuild\Current\Bin\MSBuild.exe"
MSBuild executable path = "C:\Program Files\Microsoft Visual Studio\2022\Community\MSBuild\Current\Bin\MSBuild.exe"
Command line arguments = ""C:\Program Files\Microsoft Visual Studio\2022\Community\MSBuild\Current\Bin\MSBuild.exe" -property:Configuration=Release -property:PlatformToolset=v143 -fl -flp:logfile=build_errors_Release.log"
Current directory = "F:\prabh\SickoMenu-v5-main"
MSBuild version = "17.13.19+0d9f5a35a"
Based on the Windows registry key LongPathsEnabled, the LongPaths feature is enabled.
Based on the Windows registry key VerifiedAndReputablePolicyState, SAC state = 0: turned off.
Some command line switches were read from the auto-response file "C:\Program Files\Microsoft Visual Studio\2022\Community\MSBuild\Current\Bin\MSBuild.rsp". To disable this file, use the "-noAutoResponse" switch.

Property reassignment: $(MSBuildExtensionsPath)="C:\Program Files\Microsoft Visual Studio\2022\Community\MSBuild" (previous value: "C:\Program Files (x86)\MSBuild") at 
Property reassignment: $(MSBuildExtensionsPath32)="C:\Program Files\Microsoft Visual Studio\2022\Community\MSBuild" (previous value: "C:\Program Files (x86)\MSBuild") at 
Search paths being used for $(MSBuildExtensionsPath) are C:\Program Files\Microsoft Visual Studio\2022\Community\MSBuild;$(MSBuildProgramFiles32)\MSBuild
Search paths being used for $(MSBuildExtensionsPath) are C:\Program Files\Microsoft Visual Studio\2022\Community\MSBuild;$(MSBuildProgramFiles32)\MSBuild
Trying to import C:\Program Files\Microsoft Visual Studio\2022\Community\MSBuild\$(MSBuildToolsVersion)\SolutionFile\ImportAfter\* using extensions path C:\Program Files\Microsoft Visual Studio\2022\Community\MSBuild
Property reassignment: $(_GenerateRestoreGraphProjectEntryInputProperties)="
      ExcludeRestorePackageImports=true;
      _RestoreSolutionFileUsed=true;
      SolutionDir=F:\prabh\SickoMenu-v5-main\;
      SolutionName=SickoMenu;
      SolutionFileName=SickoMenu.sln;
      SolutionPath=F:\prabh\SickoMenu-v5-main\SickoMenu.sln;
      SolutionExt=.sln;
    " (previous value: "ExcludeRestorePackageImports=true") at C:\Program Files\Microsoft Visual Studio\2022\Community\Common7\IDE\CommonExtensions\Microsoft\NuGet\NuGet.targets (101,5)
The target "_CheckForInvalidConfigurationAndPlatform" listed in a BeforeTargets attribute at "C:\Program Files\Microsoft Visual Studio\2022\Community\Common7\IDE\CommonExtensions\Microsoft\NuGet\NuGet.targets (700,11)" does not exist in the project, and will be ignored.
Project "F:\prabh\SickoMenu-v5-main\SickoMenu.sln" on node 1 (default targets).
Target "ValidateSolutionConfiguration" in file "F:\prabh\SickoMenu-v5-main\SickoMenu.sln.metaproj" from project "F:\prabh\SickoMenu-v5-main\SickoMenu.sln" (entry point):
Task "Error" skipped, due to false condition; (('$(CurrentSolutionConfigurationContents)' == '') and ('$(SkipInvalidConfigurations)' != 'true')) was evaluated as (('<SolutionConfiguration>
  <ProjectConfiguration Project="{AA556AC8-55E7-46C4-B59E-A7A781A4710A}" AbsolutePath="F:\prabh\SickoMenu-v5-main\SickoMenu.vcxproj" BuildProjectInSolution="True">Release|Win32</ProjectConfiguration>
</SolutionConfiguration>' == '') and ('' != 'true')).
Task "Warning" skipped, due to false condition; (('$(CurrentSolutionConfigurationContents)' == '') and ('$(SkipInvalidConfigurations)' == 'true')) was evaluated as (('<SolutionConfiguration>
  <ProjectConfiguration Project="{AA556AC8-55E7-46C4-B59E-A7A781A4710A}" AbsolutePath="F:\prabh\SickoMenu-v5-main\SickoMenu.vcxproj" BuildProjectInSolution="True">Release|Win32</ProjectConfiguration>
</SolutionConfiguration>' == '') and ('' == 'true')).
Using "Message" task from assembly "Microsoft.Build.Tasks.Core, Version=15.1.0.0, Culture=neutral, PublicKeyToken=b03f5f7f11d50a3a".
Task "Message"
  Building solution configuration "Release|x86".
Done executing task "Message".
Done building target "ValidateSolutionConfiguration" in project "SickoMenu.sln".
Target "ValidateToolsVersions" in file "F:\prabh\SickoMenu-v5-main\SickoMenu.sln.metaproj" from project "F:\prabh\SickoMenu-v5-main\SickoMenu.sln" (entry point):
Task "Error" skipped, due to false condition; ('$(MSBuildToolsVersion)' == '2.0' and ('$(ProjectToolsVersion)' != '2.0' and '$(ProjectToolsVersion)' != '')) was evaluated as ('Current' == '2.0' and ('' != '2.0' and '' != '')).
Done building target "ValidateToolsVersions" in project "SickoMenu.sln".
Target "ValidateProjects" in file "F:\prabh\SickoMenu-v5-main\SickoMenu.sln.metaproj" from project "F:\prabh\SickoMenu-v5-main\SickoMenu.sln" (entry point):
Done building target "ValidateProjects" in project "SickoMenu.sln".
Target "Build" in file "F:\prabh\SickoMenu-v5-main\SickoMenu.sln.metaproj" from project "F:\prabh\SickoMenu-v5-main\SickoMenu.sln" (entry point):
Using "MSBuild" task from assembly "Microsoft.Build.Tasks.Core, Version=15.1.0.0, Culture=neutral, PublicKeyToken=b03f5f7f11d50a3a".
Task "MSBuild"
  Global Properties:
    BuildingSolutionFile=true
    CurrentSolutionConfigurationContents=<SolutionConfiguration>
    <ProjectConfiguration Project="{AA556AC8-55E7-46C4-B59E-A7A781A4710A}" AbsolutePath="F:\prabh\SickoMenu-v5-main\SickoMenu.vcxproj" BuildProjectInSolution="True">Release|Win32</ProjectConfiguration>
  </SolutionConfiguration>
    SolutionDir=F:\prabh\SickoMenu-v5-main\
    SolutionExt=.sln
    SolutionFileName=SickoMenu.sln
    SolutionName=SickoMenu
    SolutionPath=F:\prabh\SickoMenu-v5-main\SickoMenu.sln
  Additional Properties for project "F:\prabh\SickoMenu-v5-main\SickoMenu.vcxproj":
    Configuration=Release
    Platform=Win32
Property reassignment: $(MSBuildExtensionsPath)="C:\Program Files\Microsoft Visual Studio\2022\Community\MSBuild" (previous value: "C:\Program Files (x86)\MSBuild") at 
Property reassignment: $(MSBuildExtensionsPath32)="C:\Program Files\Microsoft Visual Studio\2022\Community\MSBuild" (previous value: "C:\Program Files (x86)\MSBuild") at 
Project "F:\prabh\SickoMenu-v5-main\SickoMenu.sln" (1) is building "F:\prabh\SickoMenu-v5-main\SickoMenu.vcxproj" (2) on node 1 (default targets).
F:\prabh\SickoMenu-v5-main\SickoMenu.vcxproj(428,3): error MSB4019: The imported project "C:\Program Files\Microsoft Visual Studio\2022\Community\MSBuild\Microsoft\VC\v170\Microsoft.Cpp.Default.props" was not found. Confirm that the expression in the Import declaration "$(VCTargetsPath)\Microsoft.Cpp.Default.props", which evaluated to "C:\Program Files\Microsoft Visual Studio\2022\Community\MSBuild\Microsoft\VC\v170\\Microsoft.Cpp.Default.props", is correct, and that the file exists on disk.
Done Building Project "F:\prabh\SickoMenu-v5-main\SickoMenu.vcxproj" (default targets) -- FAILED.
Done executing task "MSBuild" -- FAILED.
Done building target "Build" in project "SickoMenu.sln" -- FAILED.
Done Building Project "F:\prabh\SickoMenu-v5-main\SickoMenu.sln" (default targets) -- FAILED.

Build FAILED.

"F:\prabh\SickoMenu-v5-main\SickoMenu.sln" (default target) (1) ->
"F:\prabh\SickoMenu-v5-main\SickoMenu.vcxproj" (default target) (2) ->
  F:\prabh\SickoMenu-v5-main\SickoMenu.vcxproj(428,3): error MSB4019: The imported project "C:\Program Files\Microsoft Visual Studio\2022\Community\MSBuild\Microsoft\VC\v170\Microsoft.Cpp.Default.props" was not found. Confirm that the expression in the Import declaration "$(VCTargetsPath)\Microsoft.Cpp.Default.props", which evaluated to "C:\Program Files\Microsoft Visual Studio\2022\Community\MSBuild\Microsoft\VC\v170\\Microsoft.Cpp.Default.props", is correct, and that the file exists on disk.

    0 Warning(s)
    1 Error(s)

Time Elapsed 00:00:00.12
